ExponentialRetryRequestExecuter Error: 0 : 09:55:43.7149563 : 1-testhost : Unexpected exception: ReportPortal.Client.ReportPortalException: Response status code does not indicate success: Forbidden (403) POST http://localhost:8080/api/v1/automation_demo/launch
 ---> System.Net.Http.HttpRequestException: Response message: {"errorCode":4003,"message":"You do not have enough permissions. Please check the list of your available projects."}
   --- End of inner exception stack trace ---
   at ReportPortal.Client.Resources.ServiceBaseResource.CheckSuccessStatusCode(HttpResponseMessage response, Stream stream)
   at ReportPortal.Client.Resources.ServiceBaseResource.SendHttpRequestAsync[TResponse](HttpMethod httpMethod, String uri, HttpContent httpContent)
   at ReportPortal.Shared.Internal.Delegating.BaseRequestExecuter.ExecuteAsync[T](Func`1 func, Action`1 beforeNextAttemptCallback, IStatisticsCounter statisticsCounter)
   at ReportPortal.Shared.Internal.Delegating.ExponentialRetryRequestExecuter.ExecuteAsync[T](Func`1 func, Action`1 beforeNextAttempt, IStatisticsCounter statisticsCounter)
TestReporter Error: 0 : 09:55:43.7184106 : 1-testhost : System.Exception: Cannot start test item due parent failed to start.
 ---> System.AggregateException: One or more errors occurred. (Response status code does not indicate success: Forbidden (403) POST http://localhost:8080/api/v1/automation_demo/launch)
 ---> ReportPortal.Client.ReportPortalException: Response status code does not indicate success: Forbidden (403) POST http://localhost:8080/api/v1/automation_demo/launch
 ---> System.Net.Http.HttpRequestException: Response message: {"errorCode":4003,"message":"You do not have enough permissions. Please check the list of your available projects."}
   --- End of inner exception stack trace ---
   at ReportPortal.Client.Resources.ServiceBaseResource.CheckSuccessStatusCode(HttpResponseMessage response, Stream stream)
   at ReportPortal.Client.Resources.ServiceBaseResource.SendHttpRequestAsync[TResponse](HttpMethod httpMethod, String uri, HttpContent httpContent)
   at ReportPortal.Shared.Internal.Delegating.BaseRequestExecuter.ExecuteAsync[T](Func`1 func, Action`1 beforeNextAttemptCallback, IStatisticsCounter statisticsCounter)
   at ReportPortal.Shared.Internal.Delegating.ExponentialRetryRequestExecuter.ExecuteAsync[T](Func`1 func, Action`1 beforeNextAttempt, IStatisticsCounter statisticsCounter)
   at ReportPortal.Shared.Reporter.LaunchReporter.<>c__DisplayClass25_0.<<Start>b__1>d.MoveNext()
   --- End of inner exception stack trace ---
   --- End of inner exception stack trace ---
TestReporter Error: 0 : 09:55:43.7191253 : 1-testhost : System.Exception: Cannot start test item due parent failed to start.
 ---> System.AggregateException: One or more errors occurred. (Cannot start test item due parent failed to start.)
 ---> System.Exception: Cannot start test item due parent failed to start.
 ---> System.AggregateException: One or more errors occurred. (Response status code does not indicate success: Forbidden (403) POST http://localhost:8080/api/v1/automation_demo/launch)
 ---> ReportPortal.Client.ReportPortalException: Response status code does not indicate success: Forbidden (403) POST http://localhost:8080/api/v1/automation_demo/launch
 ---> System.Net.Http.HttpRequestException: Response message: {"errorCode":4003,"message":"You do not have enough permissions. Please check the list of your available projects."}
   --- End of inner exception stack trace ---
   at ReportPortal.Client.Resources.ServiceBaseResource.CheckSuccessStatusCode(HttpResponseMessage response, Stream stream)
   at ReportPortal.Client.Resources.ServiceBaseResource.SendHttpRequestAsync[TResponse](HttpMethod httpMethod, String uri, HttpContent httpContent)
   at ReportPortal.Shared.Internal.Delegating.BaseRequestExecuter.ExecuteAsync[T](Func`1 func, Action`1 beforeNextAttemptCallback, IStatisticsCounter statisticsCounter)
   at ReportPortal.Shared.Internal.Delegating.ExponentialRetryRequestExecuter.ExecuteAsync[T](Func`1 func, Action`1 beforeNextAttempt, IStatisticsCounter statisticsCounter)
   at ReportPortal.Shared.Reporter.LaunchReporter.<>c__DisplayClass25_0.<<Start>b__1>d.MoveNext()
   --- End of inner exception stack trace ---
   --- End of inner exception stack trace ---
   at ReportPortal.Shared.Reporter.TestReporter.<>c__DisplayClass24_0.<<Start>b__0>d.MoveNext()
   --- End of inner exception stack trace ---
   --- End of inner exception stack trace ---
TestReporter Error: 0 : 09:55:43.7196263 : 1-testhost : System.Exception: Cannot start test item due parent failed to start.
 ---> System.AggregateException: One or more errors occurred. (Cannot start test item due parent failed to start.)
 ---> System.Exception: Cannot start test item due parent failed to start.
 ---> System.AggregateException: One or more errors occurred. (Cannot start test item due parent failed to start.)
 ---> System.Exception: Cannot start test item due parent failed to start.
 ---> System.AggregateException: One or more errors occurred. (Response status code does not indicate success: Forbidden (403) POST http://localhost:8080/api/v1/automation_demo/launch)
 ---> ReportPortal.Client.ReportPortalException: Response status code does not indicate success: Forbidden (403) POST http://localhost:8080/api/v1/automation_demo/launch
 ---> System.Net.Http.HttpRequestException: Response message: {"errorCode":4003,"message":"You do not have enough permissions. Please check the list of your available projects."}
   --- End of inner exception stack trace ---
   at ReportPortal.Client.Resources.ServiceBaseResource.CheckSuccessStatusCode(HttpResponseMessage response, Stream stream)
   at ReportPortal.Client.Resources.ServiceBaseResource.SendHttpRequestAsync[TResponse](HttpMethod httpMethod, String uri, HttpContent httpContent)
   at ReportPortal.Shared.Internal.Delegating.BaseRequestExecuter.ExecuteAsync[T](Func`1 func, Action`1 beforeNextAttemptCallback, IStatisticsCounter statisticsCounter)
   at ReportPortal.Shared.Internal.Delegating.ExponentialRetryRequestExecuter.ExecuteAsync[T](Func`1 func, Action`1 beforeNextAttempt, IStatisticsCounter statisticsCounter)
   at ReportPortal.Shared.Reporter.LaunchReporter.<>c__DisplayClass25_0.<<Start>b__1>d.MoveNext()
   --- End of inner exception stack trace ---
   --- End of inner exception stack trace ---
   at ReportPortal.Shared.Reporter.TestReporter.<>c__DisplayClass24_0.<<Start>b__0>d.MoveNext()
   --- End of inner exception stack trace ---
   --- End of inner exception stack trace ---
   at ReportPortal.Shared.Reporter.TestReporter.<>c__DisplayClass24_0.<<Start>b__0>d.MoveNext()
   --- End of inner exception stack trace ---
   --- End of inner exception stack trace ---
TestReporter Error: 0 : 09:55:43.7201544 : 1-testhost : System.Exception: Cannot start test item due parent failed to start.
 ---> System.AggregateException: One or more errors occurred. (Cannot start test item due parent failed to start.)
 ---> System.Exception: Cannot start test item due parent failed to start.
 ---> System.AggregateException: One or more errors occurred. (Cannot start test item due parent failed to start.)
 ---> System.Exception: Cannot start test item due parent failed to start.
 ---> System.AggregateException: One or more errors occurred. (Cannot start test item due parent failed to start.)
 ---> System.Exception: Cannot start test item due parent failed to start.
 ---> System.AggregateException: One or more errors occurred. (Response status code does not indicate success: Forbidden (403) POST http://localhost:8080/api/v1/automation_demo/launch)
 ---> ReportPortal.Client.ReportPortalException: Response status code does not indicate success: Forbidden (403) POST http://localhost:8080/api/v1/automation_demo/launch
 ---> System.Net.Http.HttpRequestException: Response message: {"errorCode":4003,"message":"You do not have enough permissions. Please check the list of your available projects."}
   --- End of inner exception stack trace ---
   at ReportPortal.Client.Resources.ServiceBaseResource.CheckSuccessStatusCode(HttpResponseMessage response, Stream stream)
   at ReportPortal.Client.Resources.ServiceBaseResource.SendHttpRequestAsync[TResponse](HttpMethod httpMethod, String uri, HttpContent httpContent)
   at ReportPortal.Shared.Internal.Delegating.BaseRequestExecuter.ExecuteAsync[T](Func`1 func, Action`1 beforeNextAttemptCallback, IStatisticsCounter statisticsCounter)
   at ReportPortal.Shared.Internal.Delegating.ExponentialRetryRequestExecuter.ExecuteAsync[T](Func`1 func, Action`1 beforeNextAttempt, IStatisticsCounter statisticsCounter)
   at ReportPortal.Shared.Reporter.LaunchReporter.<>c__DisplayClass25_0.<<Start>b__1>d.MoveNext()
   --- End of inner exception stack trace ---
   --- End of inner exception stack trace ---
   at ReportPortal.Shared.Reporter.TestReporter.<>c__DisplayClass24_0.<<Start>b__0>d.MoveNext()
   --- End of inner exception stack trace ---
   --- End of inner exception stack trace ---
   at ReportPortal.Shared.Reporter.TestReporter.<>c__DisplayClass24_0.<<Start>b__0>d.MoveNext()
   --- End of inner exception stack trace ---
   --- End of inner exception stack trace ---
   at ReportPortal.Shared.Reporter.TestReporter.<>c__DisplayClass24_0.<<Start>b__0>d.MoveNext()
   --- End of inner exception stack trace ---
   --- End of inner exception stack trace ---
TestReporter Error: 0 : 09:55:43.7207938 : 1-testhost : System.Exception: Cannot start test item due parent failed to start.
 ---> System.AggregateException: One or more errors occurred. (Cannot start test item due parent failed to start.)
 ---> System.Exception: Cannot start test item due parent failed to start.
 ---> System.AggregateException: One or more errors occurred. (Cannot start test item due parent failed to start.)
 ---> System.Exception: Cannot start test item due parent failed to start.
 ---> System.AggregateException: One or more errors occurred. (Cannot start test item due parent failed to start.)
 ---> System.Exception: Cannot start test item due parent failed to start.
 ---> System.AggregateException: One or more errors occurred. (Cannot start test item due parent failed to start.)
 ---> System.Exception: Cannot start test item due parent failed to start.
 ---> System.AggregateException: One or more errors occurred. (Response status code does not indicate success: Forbidden (403) POST http://localhost:8080/api/v1/automation_demo/launch)
 ---> ReportPortal.Client.ReportPortalException: Response status code does not indicate success: Forbidden (403) POST http://localhost:8080/api/v1/automation_demo/launch
 ---> System.Net.Http.HttpRequestException: Response message: {"errorCode":4003,"message":"You do not have enough permissions. Please check the list of your available projects."}
   --- End of inner exception stack trace ---
   at ReportPortal.Client.Resources.ServiceBaseResource.CheckSuccessStatusCode(HttpResponseMessage response, Stream stream)
   at ReportPortal.Client.Resources.ServiceBaseResource.SendHttpRequestAsync[TResponse](HttpMethod httpMethod, String uri, HttpContent httpContent)
   at ReportPortal.Shared.Internal.Delegating.BaseRequestExecuter.ExecuteAsync[T](Func`1 func, Action`1 beforeNextAttemptCallback, IStatisticsCounter statisticsCounter)
   at ReportPortal.Shared.Internal.Delegating.ExponentialRetryRequestExecuter.ExecuteAsync[T](Func`1 func, Action`1 beforeNextAttempt, IStatisticsCounter statisticsCounter)
   at ReportPortal.Shared.Reporter.LaunchReporter.<>c__DisplayClass25_0.<<Start>b__1>d.MoveNext()
   --- End of inner exception stack trace ---
   --- End of inner exception stack trace ---
   at ReportPortal.Shared.Reporter.TestReporter.<>c__DisplayClass24_0.<<Start>b__0>d.MoveNext()
   --- End of inner exception stack trace ---
   --- End of inner exception stack trace ---
   at ReportPortal.Shared.Reporter.TestReporter.<>c__DisplayClass24_0.<<Start>b__0>d.MoveNext()
   --- End of inner exception stack trace ---
   --- End of inner exception stack trace ---
   at ReportPortal.Shared.Reporter.TestReporter.<>c__DisplayClass24_0.<<Start>b__0>d.MoveNext()
   --- End of inner exception stack trace ---
   --- End of inner exception stack trace ---
   at ReportPortal.Shared.Reporter.TestReporter.<>c__DisplayClass24_0.<<Start>b__0>d.MoveNext()
   --- End of inner exception stack trace ---
   --- End of inner exception stack trace ---
TestReporter Error: 0 : 09:55:43.7212916 : 1-testhost : System.Exception: Cannot start test item due parent failed to start.
 ---> System.AggregateException: One or more errors occurred. (Cannot start test item due parent failed to start.)
 ---> System.Exception: Cannot start test item due parent failed to start.
 ---> System.AggregateException: One or more errors occurred. (Cannot start test item due parent failed to start.)
 ---> System.Exception: Cannot start test item due parent failed to start.
 ---> System.AggregateException: One or more errors occurred. (Cannot start test item due parent failed to start.)
 ---> System.Exception: Cannot start test item due parent failed to start.
 ---> System.AggregateException: One or more errors occurred. (Cannot start test item due parent failed to start.)
 ---> System.Exception: Cannot start test item due parent failed to start.
 ---> System.AggregateException: One or more errors occurred. (Cannot start test item due parent failed to start.)
 ---> System.Exception: Cannot start test item due parent failed to start.
 ---> System.AggregateException: One or more errors occurred. (Response status code does not indicate success: Forbidden (403) POST http://localhost:8080/api/v1/automation_demo/launch)
 ---> ReportPortal.Client.ReportPortalException: Response status code does not indicate success: Forbidden (403) POST http://localhost:8080/api/v1/automation_demo/launch
 ---> System.Net.Http.HttpRequestException: Response message: {"errorCode":4003,"message":"You do not have enough permissions. Please check the list of your available projects."}
   --- End of inner exception stack trace ---
   at ReportPortal.Client.Resources.ServiceBaseResource.CheckSuccessStatusCode(HttpResponseMessage response, Stream stream)
   at ReportPortal.Client.Resources.ServiceBaseResource.SendHttpRequestAsync[TResponse](HttpMethod httpMethod, String uri, HttpContent httpContent)
   at ReportPortal.Shared.Internal.Delegating.BaseRequestExecuter.ExecuteAsync[T](Func`1 func, Action`1 beforeNextAttemptCallback, IStatisticsCounter statisticsCounter)
   at ReportPortal.Shared.Internal.Delegating.ExponentialRetryRequestExecuter.ExecuteAsync[T](Func`1 func, Action`1 beforeNextAttempt, IStatisticsCounter statisticsCounter)
   at ReportPortal.Shared.Reporter.LaunchReporter.<>c__DisplayClass25_0.<<Start>b__1>d.MoveNext()
   --- End of inner exception stack trace ---
   --- End of inner exception stack trace ---
   at ReportPortal.Shared.Reporter.TestReporter.<>c__DisplayClass24_0.<<Start>b__0>d.MoveNext()
   --- End of inner exception stack trace ---
   --- End of inner exception stack trace ---
   at ReportPortal.Shared.Reporter.TestReporter.<>c__DisplayClass24_0.<<Start>b__0>d.MoveNext()
   --- End of inner exception stack trace ---
   --- End of inner exception stack trace ---
   at ReportPortal.Shared.Reporter.TestReporter.<>c__DisplayClass24_0.<<Start>b__0>d.MoveNext()
   --- End of inner exception stack trace ---
   --- End of inner exception stack trace ---
   at ReportPortal.Shared.Reporter.TestReporter.<>c__DisplayClass24_0.<<Start>b__0>d.MoveNext()
   --- End of inner exception stack trace ---
   --- End of inner exception stack trace ---
   at ReportPortal.Shared.Reporter.TestReporter.<>c__DisplayClass24_0.<<Start>b__0>d.MoveNext()
   --- End of inner exception stack trace ---
   --- End of inner exception stack trace ---
TestReporter Error: 0 : 09:55:46.7443585 : 1-testhost : System.Exception: Cannot finish test item due starting item failed.
 ---> System.AggregateException: One or more errors occurred. (Cannot start test item due parent failed to start.)
 ---> System.Exception: Cannot start test item due parent failed to start.
 ---> System.AggregateException: One or more errors occurred. (Cannot start test item due parent failed to start.)
 ---> System.Exception: Cannot start test item due parent failed to start.
 ---> System.AggregateException: One or more errors occurred. (Cannot start test item due parent failed to start.)
 ---> System.Exception: Cannot start test item due parent failed to start.
 ---> System.AggregateException: One or more errors occurred. (Cannot start test item due parent failed to start.)
 ---> System.Exception: Cannot start test item due parent failed to start.
 ---> System.AggregateException: One or more errors occurred. (Cannot start test item due parent failed to start.)
 ---> System.Exception: Cannot start test item due parent failed to start.
 ---> System.AggregateException: One or more errors occurred. (Cannot start test item due parent failed to start.)
 ---> System.Exception: Cannot start test item due parent failed to start.
 ---> System.AggregateException: One or more errors occurred. (Response status code does not indicate success: Forbidden (403) POST http://localhost:8080/api/v1/automation_demo/launch)
 ---> ReportPortal.Client.ReportPortalException: Response status code does not indicate success: Forbidden (403) POST http://localhost:8080/api/v1/automation_demo/launch
 ---> System.Net.Http.HttpRequestException: Response message: {"errorCode":4003,"message":"You do not have enough permissions. Please check the list of your available projects."}
   --- End of inner exception stack trace ---
   at ReportPortal.Client.Resources.ServiceBaseResource.CheckSuccessStatusCode(HttpResponseMessage response, Stream stream)
   at ReportPortal.Client.Resources.ServiceBaseResource.SendHttpRequestAsync[TResponse](HttpMethod httpMethod, String uri, HttpContent httpContent)
   at ReportPortal.Shared.Internal.Delegating.BaseRequestExecuter.ExecuteAsync[T](Func`1 func, Action`1 beforeNextAttemptCallback, IStatisticsCounter statisticsCounter)
   at ReportPortal.Shared.Internal.Delegating.ExponentialRetryRequestExecuter.ExecuteAsync[T](Func`1 func, Action`1 beforeNextAttempt, IStatisticsCounter statisticsCounter)
   at ReportPortal.Shared.Reporter.LaunchReporter.<>c__DisplayClass25_0.<<Start>b__1>d.MoveNext()
   --- End of inner exception stack trace ---
   --- End of inner exception stack trace ---
   at ReportPortal.Shared.Reporter.TestReporter.<>c__DisplayClass24_0.<<Start>b__0>d.MoveNext()
   --- End of inner exception stack trace ---
   --- End of inner exception stack trace ---
   at ReportPortal.Shared.Reporter.TestReporter.<>c__DisplayClass24_0.<<Start>b__0>d.MoveNext()
   --- End of inner exception stack trace ---
   --- End of inner exception stack trace ---
   at ReportPortal.Shared.Reporter.TestReporter.<>c__DisplayClass24_0.<<Start>b__0>d.MoveNext()
   --- End of inner exception stack trace ---
   --- End of inner exception stack trace ---
   at ReportPortal.Shared.Reporter.TestReporter.<>c__DisplayClass24_0.<<Start>b__0>d.MoveNext()
   --- End of inner exception stack trace ---
   --- End of inner exception stack trace ---
   at ReportPortal.Shared.Reporter.TestReporter.<>c__DisplayClass24_0.<<Start>b__0>d.MoveNext()
   --- End of inner exception stack trace ---
   --- End of inner exception stack trace ---
   at ReportPortal.Shared.Reporter.TestReporter.<>c__DisplayClass24_0.<<Start>b__0>d.MoveNext()
   --- End of inner exception stack trace ---
   --- End of inner exception stack trace ---
TestReporter Error: 0 : 09:55:46.7460979 : 1-testhost : System.Exception: Cannot finish test item due starting item failed.
 ---> System.AggregateException: One or more errors occurred. (Cannot start test item due parent failed to start.)
 ---> System.Exception: Cannot start test item due parent failed to start.
 ---> System.AggregateException: One or more errors occurred. (Cannot start test item due parent failed to start.)
 ---> System.Exception: Cannot start test item due parent failed to start.
 ---> System.AggregateException: One or more errors occurred. (Cannot start test item due parent failed to start.)
 ---> System.Exception: Cannot start test item due parent failed to start.
 ---> System.AggregateException: One or more errors occurred. (Cannot start test item due parent failed to start.)
 ---> System.Exception: Cannot start test item due parent failed to start.
 ---> System.AggregateException: One or more errors occurred. (Cannot start test item due parent failed to start.)
 ---> System.Exception: Cannot start test item due parent failed to start.
 ---> System.AggregateException: One or more errors occurred. (Response status code does not indicate success: Forbidden (403) POST http://localhost:8080/api/v1/automation_demo/launch)
 ---> ReportPortal.Client.ReportPortalException: Response status code does not indicate success: Forbidden (403) POST http://localhost:8080/api/v1/automation_demo/launch
 ---> System.Net.Http.HttpRequestException: Response message: {"errorCode":4003,"message":"You do not have enough permissions. Please check the list of your available projects."}
   --- End of inner exception stack trace ---
   at ReportPortal.Client.Resources.ServiceBaseResource.CheckSuccessStatusCode(HttpResponseMessage response, Stream stream)
   at ReportPortal.Client.Resources.ServiceBaseResource.SendHttpRequestAsync[TResponse](HttpMethod httpMethod, String uri, HttpContent httpContent)
   at ReportPortal.Shared.Internal.Delegating.BaseRequestExecuter.ExecuteAsync[T](Func`1 func, Action`1 beforeNextAttemptCallback, IStatisticsCounter statisticsCounter)
   at ReportPortal.Shared.Internal.Delegating.ExponentialRetryRequestExecuter.ExecuteAsync[T](Func`1 func, Action`1 beforeNextAttempt, IStatisticsCounter statisticsCounter)
   at ReportPortal.Shared.Reporter.LaunchReporter.<>c__DisplayClass25_0.<<Start>b__1>d.MoveNext()
   --- End of inner exception stack trace ---
   --- End of inner exception stack trace ---
   at ReportPortal.Shared.Reporter.TestReporter.<>c__DisplayClass24_0.<<Start>b__0>d.MoveNext()
   --- End of inner exception stack trace ---
   --- End of inner exception stack trace ---
   at ReportPortal.Shared.Reporter.TestReporter.<>c__DisplayClass24_0.<<Start>b__0>d.MoveNext()
   --- End of inner exception stack trace ---
   --- End of inner exception stack trace ---
   at ReportPortal.Shared.Reporter.TestReporter.<>c__DisplayClass24_0.<<Start>b__0>d.MoveNext()
   --- End of inner exception stack trace ---
   --- End of inner exception stack trace ---
   at ReportPortal.Shared.Reporter.TestReporter.<>c__DisplayClass24_0.<<Start>b__0>d.MoveNext()
   --- End of inner exception stack trace ---
   --- End of inner exception stack trace ---
   at ReportPortal.Shared.Reporter.TestReporter.<>c__DisplayClass24_0.<<Start>b__0>d.MoveNext()
   --- End of inner exception stack trace ---
   --- End of inner exception stack trace ---
TestReporter Error: 0 : 09:55:46.7462479 : 1-testhost : System.Exception: Cannot start test item due parent failed to start.
 ---> System.AggregateException: One or more errors occurred. (Cannot start test item due parent failed to start.)
 ---> System.Exception: Cannot start test item due parent failed to start.
 ---> System.AggregateException: One or more errors occurred. (Cannot start test item due parent failed to start.)
 ---> System.Exception: Cannot start test item due parent failed to start.
 ---> System.AggregateException: One or more errors occurred. (Cannot start test item due parent failed to start.)
 ---> System.Exception: Cannot start test item due parent failed to start.
 ---> System.AggregateException: One or more errors occurred. (Cannot start test item due parent failed to start.)
 ---> System.Exception: Cannot start test item due parent failed to start.
 ---> System.AggregateException: One or more errors occurred. (Response status code does not indicate success: Forbidden (403) POST http://localhost:8080/api/v1/automation_demo/launch)
 ---> ReportPortal.Client.ReportPortalException: Response status code does not indicate success: Forbidden (403) POST http://localhost:8080/api/v1/automation_demo/launch
 ---> System.Net.Http.HttpRequestException: Response message: {"errorCode":4003,"message":"You do not have enough permissions. Please check the list of your available projects."}
   --- End of inner exception stack trace ---
   at ReportPortal.Client.Resources.ServiceBaseResource.CheckSuccessStatusCode(HttpResponseMessage response, Stream stream)
   at ReportPortal.Client.Resources.ServiceBaseResource.SendHttpRequestAsync[TResponse](HttpMethod httpMethod, String uri, HttpContent httpContent)
   at ReportPortal.Shared.Internal.Delegating.BaseRequestExecuter.ExecuteAsync[T](Func`1 func, Action`1 beforeNextAttemptCallback, IStatisticsCounter statisticsCounter)
   at ReportPortal.Shared.Internal.Delegating.ExponentialRetryRequestExecuter.ExecuteAsync[T](Func`1 func, Action`1 beforeNextAttempt, IStatisticsCounter statisticsCounter)
   at ReportPortal.Shared.Reporter.LaunchReporter.<>c__DisplayClass25_0.<<Start>b__1>d.MoveNext()
   --- End of inner exception stack trace ---
   --- End of inner exception stack trace ---
   at ReportPortal.Shared.Reporter.TestReporter.<>c__DisplayClass24_0.<<Start>b__0>d.MoveNext()
   --- End of inner exception stack trace ---
   --- End of inner exception stack trace ---
   at ReportPortal.Shared.Reporter.TestReporter.<>c__DisplayClass24_0.<<Start>b__0>d.MoveNext()
   --- End of inner exception stack trace ---
   --- End of inner exception stack trace ---
   at ReportPortal.Shared.Reporter.TestReporter.<>c__DisplayClass24_0.<<Start>b__0>d.MoveNext()
   --- End of inner exception stack trace ---
   --- End of inner exception stack trace ---
   at ReportPortal.Shared.Reporter.TestReporter.<>c__DisplayClass24_0.<<Start>b__0>d.MoveNext()
   --- End of inner exception stack trace ---
   --- End of inner exception stack trace ---
TestReporter Error: 0 : 09:55:46.7536768 : 1-testhost : System.Exception: Cannot start test item due parent failed to start.
 ---> System.AggregateException: One or more errors occurred. (Cannot start test item due parent failed to start.)
 ---> System.Exception: Cannot start test item due parent failed to start.
 ---> System.AggregateException: One or more errors occurred. (Cannot start test item due parent failed to start.)
 ---> System.Exception: Cannot start test item due parent failed to start.
 ---> System.AggregateException: One or more errors occurred. (Cannot start test item due parent failed to start.)
 ---> System.Exception: Cannot start test item due parent failed to start.
 ---> System.AggregateException: One or more errors occurred. (Cannot start test item due parent failed to start.)
 ---> System.Exception: Cannot start test item due parent failed to start.
 ---> System.AggregateException: One or more errors occurred. (Cannot start test item due parent failed to start.)
 ---> System.Exception: Cannot start test item due parent failed to start.
 ---> System.AggregateException: One or more errors occurred. (Response status code does not indicate success: Forbidden (403) POST http://localhost:8080/api/v1/automation_demo/launch)
 ---> ReportPortal.Client.ReportPortalException: Response status code does not indicate success: Forbidden (403) POST http://localhost:8080/api/v1/automation_demo/launch
 ---> System.Net.Http.HttpRequestException: Response message: {"errorCode":4003,"message":"You do not have enough permissions. Please check the list of your available projects."}
   --- End of inner exception stack trace ---
   at ReportPortal.Client.Resources.ServiceBaseResource.CheckSuccessStatusCode(HttpResponseMessage response, Stream stream)
   at ReportPortal.Client.Resources.ServiceBaseResource.SendHttpRequestAsync[TResponse](HttpMethod httpMethod, String uri, HttpContent httpContent)
   at ReportPortal.Shared.Internal.Delegating.BaseRequestExecuter.ExecuteAsync[T](Func`1 func, Action`1 beforeNextAttemptCallback, IStatisticsCounter statisticsCounter)
   at ReportPortal.Shared.Internal.Delegating.ExponentialRetryRequestExecuter.ExecuteAsync[T](Func`1 func, Action`1 beforeNextAttempt, IStatisticsCounter statisticsCounter)
   at ReportPortal.Shared.Reporter.LaunchReporter.<>c__DisplayClass25_0.<<Start>b__1>d.MoveNext()
   --- End of inner exception stack trace ---
   --- End of inner exception stack trace ---
   at ReportPortal.Shared.Reporter.TestReporter.<>c__DisplayClass24_0.<<Start>b__0>d.MoveNext()
   --- End of inner exception stack trace ---
   --- End of inner exception stack trace ---
   at ReportPortal.Shared.Reporter.TestReporter.<>c__DisplayClass24_0.<<Start>b__0>d.MoveNext()
   --- End of inner exception stack trace ---
   --- End of inner exception stack trace ---
   at ReportPortal.Shared.Reporter.TestReporter.<>c__DisplayClass24_0.<<Start>b__0>d.MoveNext()
   --- End of inner exception stack trace ---
   --- End of inner exception stack trace ---
   at ReportPortal.Shared.Reporter.TestReporter.<>c__DisplayClass24_0.<<Start>b__0>d.MoveNext()
   --- End of inner exception stack trace ---
   --- End of inner exception stack trace ---
   at ReportPortal.Shared.Reporter.TestReporter.<>c__DisplayClass24_0.<<Start>b__0>d.MoveNext()
   --- End of inner exception stack trace ---
   --- End of inner exception stack trace ---
TestReporter Error: 0 : 09:55:47.9930031 : 1-testhost : System.Exception: Cannot finish test item due starting item failed.
 ---> System.AggregateException: One or more errors occurred. (Cannot start test item due parent failed to start.)
 ---> System.Exception: Cannot start test item due parent failed to start.
 ---> System.AggregateException: One or more errors occurred. (Cannot start test item due parent failed to start.)
 ---> System.Exception: Cannot start test item due parent failed to start.
 ---> System.AggregateException: One or more errors occurred. (Cannot start test item due parent failed to start.)
 ---> System.Exception: Cannot start test item due parent failed to start.
 ---> System.AggregateException: One or more errors occurred. (Cannot start test item due parent failed to start.)
 ---> System.Exception: Cannot start test item due parent failed to start.
 ---> System.AggregateException: One or more errors occurred. (Cannot start test item due parent failed to start.)
 ---> System.Exception: Cannot start test item due parent failed to start.
 ---> System.AggregateException: One or more errors occurred. (Cannot start test item due parent failed to start.)
 ---> System.Exception: Cannot start test item due parent failed to start.
 ---> System.AggregateException: One or more errors occurred. (Response status code does not indicate success: Forbidden (403) POST http://localhost:8080/api/v1/automation_demo/launch)
 ---> ReportPortal.Client.ReportPortalException: Response status code does not indicate success: Forbidden (403) POST http://localhost:8080/api/v1/automation_demo/launch
 ---> System.Net.Http.HttpRequestException: Response message: {"errorCode":4003,"message":"You do not have enough permissions. Please check the list of your available projects."}
   --- End of inner exception stack trace ---
   at ReportPortal.Client.Resources.ServiceBaseResource.CheckSuccessStatusCode(HttpResponseMessage response, Stream stream)
   at ReportPortal.Client.Resources.ServiceBaseResource.SendHttpRequestAsync[TResponse](HttpMethod httpMethod, String uri, HttpContent httpContent)
   at ReportPortal.Shared.Internal.Delegating.BaseRequestExecuter.ExecuteAsync[T](Func`1 func, Action`1 beforeNextAttemptCallback, IStatisticsCounter statisticsCounter)
   at ReportPortal.Shared.Internal.Delegating.ExponentialRetryRequestExecuter.ExecuteAsync[T](Func`1 func, Action`1 beforeNextAttempt, IStatisticsCounter statisticsCounter)
   at ReportPortal.Shared.Reporter.LaunchReporter.<>c__DisplayClass25_0.<<Start>b__1>d.MoveNext()
   --- End of inner exception stack trace ---
   --- End of inner exception stack trace ---
   at ReportPortal.Shared.Reporter.TestReporter.<>c__DisplayClass24_0.<<Start>b__0>d.MoveNext()
   --- End of inner exception stack trace ---
   --- End of inner exception stack trace ---
   at ReportPortal.Shared.Reporter.TestReporter.<>c__DisplayClass24_0.<<Start>b__0>d.MoveNext()
   --- End of inner exception stack trace ---
   --- End of inner exception stack trace ---
   at ReportPortal.Shared.Reporter.TestReporter.<>c__DisplayClass24_0.<<Start>b__0>d.MoveNext()
   --- End of inner exception stack trace ---
   --- End of inner exception stack trace ---
   at ReportPortal.Shared.Reporter.TestReporter.<>c__DisplayClass24_0.<<Start>b__0>d.MoveNext()
   --- End of inner exception stack trace ---
   --- End of inner exception stack trace ---
   at ReportPortal.Shared.Reporter.TestReporter.<>c__DisplayClass24_0.<<Start>b__0>d.MoveNext()
   --- End of inner exception stack trace ---
   --- End of inner exception stack trace ---
   at ReportPortal.Shared.Reporter.TestReporter.<>c__DisplayClass24_0.<<Start>b__0>d.MoveNext()
   --- End of inner exception stack trace ---
   --- End of inner exception stack trace ---
TestReporter Error: 0 : 09:55:47.9931765 : 1-testhost : System.Exception: Cannot start test item due parent failed to start.
 ---> System.AggregateException: One or more errors occurred. (Cannot start test item due parent failed to start.)
 ---> System.Exception: Cannot start test item due parent failed to start.
 ---> System.AggregateException: One or more errors occurred. (Cannot start test item due parent failed to start.)
 ---> System.Exception: Cannot start test item due parent failed to start.
 ---> System.AggregateException: One or more errors occurred. (Cannot start test item due parent failed to start.)
 ---> System.Exception: Cannot start test item due parent failed to start.
 ---> System.AggregateException: One or more errors occurred. (Cannot start test item due parent failed to start.)
 ---> System.Exception: Cannot start test item due parent failed to start.
 ---> System.AggregateException: One or more errors occurred. (Response status code does not indicate success: Forbidden (403) POST http://localhost:8080/api/v1/automation_demo/launch)
 ---> ReportPortal.Client.ReportPortalException: Response status code does not indicate success: Forbidden (403) POST http://localhost:8080/api/v1/automation_demo/launch
 ---> System.Net.Http.HttpRequestException: Response message: {"errorCode":4003,"message":"You do not have enough permissions. Please check the list of your available projects."}
   --- End of inner exception stack trace ---
   at ReportPortal.Client.Resources.ServiceBaseResource.CheckSuccessStatusCode(HttpResponseMessage response, Stream stream)
   at ReportPortal.Client.Resources.ServiceBaseResource.SendHttpRequestAsync[TResponse](HttpMethod httpMethod, String uri, HttpContent httpContent)
   at ReportPortal.Shared.Internal.Delegating.BaseRequestExecuter.ExecuteAsync[T](Func`1 func, Action`1 beforeNextAttemptCallback, IStatisticsCounter statisticsCounter)
   at ReportPortal.Shared.Internal.Delegating.ExponentialRetryRequestExecuter.ExecuteAsync[T](Func`1 func, Action`1 beforeNextAttempt, IStatisticsCounter statisticsCounter)
   at ReportPortal.Shared.Reporter.LaunchReporter.<>c__DisplayClass25_0.<<Start>b__1>d.MoveNext()
   --- End of inner exception stack trace ---
   --- End of inner exception stack trace ---
   at ReportPortal.Shared.Reporter.TestReporter.<>c__DisplayClass24_0.<<Start>b__0>d.MoveNext()
   --- End of inner exception stack trace ---
   --- End of inner exception stack trace ---
   at ReportPortal.Shared.Reporter.TestReporter.<>c__DisplayClass24_0.<<Start>b__0>d.MoveNext()
   --- End of inner exception stack trace ---
   --- End of inner exception stack trace ---
   at ReportPortal.Shared.Reporter.TestReporter.<>c__DisplayClass24_0.<<Start>b__0>d.MoveNext()
   --- End of inner exception stack trace ---
   --- End of inner exception stack trace ---
   at ReportPortal.Shared.Reporter.TestReporter.<>c__DisplayClass24_0.<<Start>b__0>d.MoveNext()
   --- End of inner exception stack trace ---
   --- End of inner exception stack trace ---
TestReporter Error: 0 : 09:55:47.9937348 : 1-testhost : System.Exception: Cannot finish test item due starting item failed.
 ---> System.AggregateException: One or more errors occurred. (Cannot start test item due parent failed to start.)
 ---> System.Exception: Cannot start test item due parent failed to start.
 ---> System.AggregateException: One or more errors occurred. (Cannot start test item due parent failed to start.)
 ---> System.Exception: Cannot start test item due parent failed to start.
 ---> System.AggregateException: One or more errors occurred. (Cannot start test item due parent failed to start.)
 ---> System.Exception: Cannot start test item due parent failed to start.
 ---> System.AggregateException: One or more errors occurred. (Cannot start test item due parent failed to start.)
 ---> System.Exception: Cannot start test item due parent failed to start.
 ---> System.AggregateException: One or more errors occurred. (Cannot start test item due parent failed to start.)
 ---> System.Exception: Cannot start test item due parent failed to start.
 ---> System.AggregateException: One or more errors occurred. (Response status code does not indicate success: Forbidden (403) POST http://localhost:8080/api/v1/automation_demo/launch)
 ---> ReportPortal.Client.ReportPortalException: Response status code does not indicate success: Forbidden (403) POST http://localhost:8080/api/v1/automation_demo/launch
 ---> System.Net.Http.HttpRequestException: Response message: {"errorCode":4003,"message":"You do not have enough permissions. Please check the list of your available projects."}
   --- End of inner exception stack trace ---
   at ReportPortal.Client.Resources.ServiceBaseResource.CheckSuccessStatusCode(HttpResponseMessage response, Stream stream)
   at ReportPortal.Client.Resources.ServiceBaseResource.SendHttpRequestAsync[TResponse](HttpMethod httpMethod, String uri, HttpContent httpContent)
   at ReportPortal.Shared.Internal.Delegating.BaseRequestExecuter.ExecuteAsync[T](Func`1 func, Action`1 beforeNextAttemptCallback, IStatisticsCounter statisticsCounter)
   at ReportPortal.Shared.Internal.Delegating.ExponentialRetryRequestExecuter.ExecuteAsync[T](Func`1 func, Action`1 beforeNextAttempt, IStatisticsCounter statisticsCounter)
   at ReportPortal.Shared.Reporter.LaunchReporter.<>c__DisplayClass25_0.<<Start>b__1>d.MoveNext()
   --- End of inner exception stack trace ---
   --- End of inner exception stack trace ---
   at ReportPortal.Shared.Reporter.TestReporter.<>c__DisplayClass24_0.<<Start>b__0>d.MoveNext()
   --- End of inner exception stack trace ---
   --- End of inner exception stack trace ---
   at ReportPortal.Shared.Reporter.TestReporter.<>c__DisplayClass24_0.<<Start>b__0>d.MoveNext()
   --- End of inner exception stack trace ---
   --- End of inner exception stack trace ---
   at ReportPortal.Shared.Reporter.TestReporter.<>c__DisplayClass24_0.<<Start>b__0>d.MoveNext()
   --- End of inner exception stack trace ---
   --- End of inner exception stack trace ---
   at ReportPortal.Shared.Reporter.TestReporter.<>c__DisplayClass24_0.<<Start>b__0>d.MoveNext()
   --- End of inner exception stack trace ---
   --- End of inner exception stack trace ---
   at ReportPortal.Shared.Reporter.TestReporter.<>c__DisplayClass24_0.<<Start>b__0>d.MoveNext()
   --- End of inner exception stack trace ---
   --- End of inner exception stack trace ---
TestReporter Error: 0 : 09:55:47.9941061 : 1-testhost : System.Exception: Cannot start test item due parent failed to start.
 ---> System.AggregateException: One or more errors occurred. (Cannot start test item due parent failed to start.)
 ---> System.Exception: Cannot start test item due parent failed to start.
 ---> System.AggregateException: One or more errors occurred. (Cannot start test item due parent failed to start.)
 ---> System.Exception: Cannot start test item due parent failed to start.
 ---> System.AggregateException: One or more errors occurred. (Cannot start test item due parent failed to start.)
 ---> System.Exception: Cannot start test item due parent failed to start.
 ---> System.AggregateException: One or more errors occurred. (Cannot start test item due parent failed to start.)
 ---> System.Exception: Cannot start test item due parent failed to start.
 ---> System.AggregateException: One or more errors occurred. (Cannot start test item due parent failed to start.)
 ---> System.Exception: Cannot start test item due parent failed to start.
 ---> System.AggregateException: One or more errors occurred. (Response status code does not indicate success: Forbidden (403) POST http://localhost:8080/api/v1/automation_demo/launch)
 ---> ReportPortal.Client.ReportPortalException: Response status code does not indicate success: Forbidden (403) POST http://localhost:8080/api/v1/automation_demo/launch
 ---> System.Net.Http.HttpRequestException: Response message: {"errorCode":4003,"message":"You do not have enough permissions. Please check the list of your available projects."}
   --- End of inner exception stack trace ---
   at ReportPortal.Client.Resources.ServiceBaseResource.CheckSuccessStatusCode(HttpResponseMessage response, Stream stream)
   at ReportPortal.Client.Resources.ServiceBaseResource.SendHttpRequestAsync[TResponse](HttpMethod httpMethod, String uri, HttpContent httpContent)
   at ReportPortal.Shared.Internal.Delegating.BaseRequestExecuter.ExecuteAsync[T](Func`1 func, Action`1 beforeNextAttemptCallback, IStatisticsCounter statisticsCounter)
   at ReportPortal.Shared.Internal.Delegating.ExponentialRetryRequestExecuter.ExecuteAsync[T](Func`1 func, Action`1 beforeNextAttempt, IStatisticsCounter statisticsCounter)
   at ReportPortal.Shared.Reporter.LaunchReporter.<>c__DisplayClass25_0.<<Start>b__1>d.MoveNext()
   --- End of inner exception stack trace ---
   --- End of inner exception stack trace ---
   at ReportPortal.Shared.Reporter.TestReporter.<>c__DisplayClass24_0.<<Start>b__0>d.MoveNext()
   --- End of inner exception stack trace ---
   --- End of inner exception stack trace ---
   at ReportPortal.Shared.Reporter.TestReporter.<>c__DisplayClass24_0.<<Start>b__0>d.MoveNext()
   --- End of inner exception stack trace ---
   --- End of inner exception stack trace ---
   at ReportPortal.Shared.Reporter.TestReporter.<>c__DisplayClass24_0.<<Start>b__0>d.MoveNext()
   --- End of inner exception stack trace ---
   --- End of inner exception stack trace ---
   at ReportPortal.Shared.Reporter.TestReporter.<>c__DisplayClass24_0.<<Start>b__0>d.MoveNext()
   --- End of inner exception stack trace ---
   --- End of inner exception stack trace ---
   at ReportPortal.Shared.Reporter.TestReporter.<>c__DisplayClass24_0.<<Start>b__0>d.MoveNext()
   --- End of inner exception stack trace ---
   --- End of inner exception stack trace ---
TestReporter Error: 0 : 09:55:49.2015087 : 1-testhost : System.Exception: Cannot finish test item due starting item failed.
 ---> System.AggregateException: One or more errors occurred. (Cannot start test item due parent failed to start.)
 ---> System.Exception: Cannot start test item due parent failed to start.
 ---> System.AggregateException: One or more errors occurred. (Cannot start test item due parent failed to start.)
 ---> System.Exception: Cannot start test item due parent failed to start.
 ---> System.AggregateException: One or more errors occurred. (Cannot start test item due parent failed to start.)
 ---> System.Exception: Cannot start test item due parent failed to start.
 ---> System.AggregateException: One or more errors occurred. (Cannot start test item due parent failed to start.)
 ---> System.Exception: Cannot start test item due parent failed to start.
 ---> System.AggregateException: One or more errors occurred. (Cannot start test item due parent failed to start.)
 ---> System.Exception: Cannot start test item due parent failed to start.
 ---> System.AggregateException: One or more errors occurred. (Cannot start test item due parent failed to start.)
 ---> System.Exception: Cannot start test item due parent failed to start.
 ---> System.AggregateException: One or more errors occurred. (Response status code does not indicate success: Forbidden (403) POST http://localhost:8080/api/v1/automation_demo/launch)
 ---> ReportPortal.Client.ReportPortalException: Response status code does not indicate success: Forbidden (403) POST http://localhost:8080/api/v1/automation_demo/launch
 ---> System.Net.Http.HttpRequestException: Response message: {"errorCode":4003,"message":"You do not have enough permissions. Please check the list of your available projects."}
   --- End of inner exception stack trace ---
   at ReportPortal.Client.Resources.ServiceBaseResource.CheckSuccessStatusCode(HttpResponseMessage response, Stream stream)
   at ReportPortal.Client.Resources.ServiceBaseResource.SendHttpRequestAsync[TResponse](HttpMethod httpMethod, String uri, HttpContent httpContent)
   at ReportPortal.Shared.Internal.Delegating.BaseRequestExecuter.ExecuteAsync[T](Func`1 func, Action`1 beforeNextAttemptCallback, IStatisticsCounter statisticsCounter)
   at ReportPortal.Shared.Internal.Delegating.ExponentialRetryRequestExecuter.ExecuteAsync[T](Func`1 func, Action`1 beforeNextAttempt, IStatisticsCounter statisticsCounter)
   at ReportPortal.Shared.Reporter.LaunchReporter.<>c__DisplayClass25_0.<<Start>b__1>d.MoveNext()
   --- End of inner exception stack trace ---
   --- End of inner exception stack trace ---
   at ReportPortal.Shared.Reporter.TestReporter.<>c__DisplayClass24_0.<<Start>b__0>d.MoveNext()
   --- End of inner exception stack trace ---
   --- End of inner exception stack trace ---
   at ReportPortal.Shared.Reporter.TestReporter.<>c__DisplayClass24_0.<<Start>b__0>d.MoveNext()
   --- End of inner exception stack trace ---
   --- End of inner exception stack trace ---
   at ReportPortal.Shared.Reporter.TestReporter.<>c__DisplayClass24_0.<<Start>b__0>d.MoveNext()
   --- End of inner exception stack trace ---
   --- End of inner exception stack trace ---
   at ReportPortal.Shared.Reporter.TestReporter.<>c__DisplayClass24_0.<<Start>b__0>d.MoveNext()
   --- End of inner exception stack trace ---
   --- End of inner exception stack trace ---
   at ReportPortal.Shared.Reporter.TestReporter.<>c__DisplayClass24_0.<<Start>b__0>d.MoveNext()
   --- End of inner exception stack trace ---
   --- End of inner exception stack trace ---
   at ReportPortal.Shared.Reporter.TestReporter.<>c__DisplayClass24_0.<<Start>b__0>d.MoveNext()
   --- End of inner exception stack trace ---
   --- End of inner exception stack trace ---
TestReporter Error: 0 : 09:55:49.2022079 : 1-testhost : System.Exception: Cannot finish test item due starting item failed.
 ---> System.AggregateException: One or more errors occurred. (Cannot start test item due parent failed to start.)
 ---> System.Exception: Cannot start test item due parent failed to start.
 ---> System.AggregateException: One or more errors occurred. (Cannot start test item due parent failed to start.)
 ---> System.Exception: Cannot start test item due parent failed to start.
 ---> System.AggregateException: One or more errors occurred. (Cannot start test item due parent failed to start.)
 ---> System.Exception: Cannot start test item due parent failed to start.
 ---> System.AggregateException: One or more errors occurred. (Cannot start test item due parent failed to start.)
 ---> System.Exception: Cannot start test item due parent failed to start.
 ---> System.AggregateException: One or more errors occurred. (Cannot start test item due parent failed to start.)
 ---> System.Exception: Cannot start test item due parent failed to start.
 ---> System.AggregateException: One or more errors occurred. (Response status code does not indicate success: Forbidden (403) POST http://localhost:8080/api/v1/automation_demo/launch)
 ---> ReportPortal.Client.ReportPortalException: Response status code does not indicate success: Forbidden (403) POST http://localhost:8080/api/v1/automation_demo/launch
 ---> System.Net.Http.HttpRequestException: Response message: {"errorCode":4003,"message":"You do not have enough permissions. Please check the list of your available projects."}
   --- End of inner exception stack trace ---
   at ReportPortal.Client.Resources.ServiceBaseResource.CheckSuccessStatusCode(HttpResponseMessage response, Stream stream)
   at ReportPortal.Client.Resources.ServiceBaseResource.SendHttpRequestAsync[TResponse](HttpMethod httpMethod, String uri, HttpContent httpContent)
   at ReportPortal.Shared.Internal.Delegating.BaseRequestExecuter.ExecuteAsync[T](Func`1 func, Action`1 beforeNextAttemptCallback, IStatisticsCounter statisticsCounter)
   at ReportPortal.Shared.Internal.Delegating.ExponentialRetryRequestExecuter.ExecuteAsync[T](Func`1 func, Action`1 beforeNextAttempt, IStatisticsCounter statisticsCounter)
   at ReportPortal.Shared.Reporter.LaunchReporter.<>c__DisplayClass25_0.<<Start>b__1>d.MoveNext()
   --- End of inner exception stack trace ---
   --- End of inner exception stack trace ---
   at ReportPortal.Shared.Reporter.TestReporter.<>c__DisplayClass24_0.<<Start>b__0>d.MoveNext()
   --- End of inner exception stack trace ---
   --- End of inner exception stack trace ---
   at ReportPortal.Shared.Reporter.TestReporter.<>c__DisplayClass24_0.<<Start>b__0>d.MoveNext()
   --- End of inner exception stack trace ---
   --- End of inner exception stack trace ---
   at ReportPortal.Shared.Reporter.TestReporter.<>c__DisplayClass24_0.<<Start>b__0>d.MoveNext()
   --- End of inner exception stack trace ---
   --- End of inner exception stack trace ---
   at ReportPortal.Shared.Reporter.TestReporter.<>c__DisplayClass24_0.<<Start>b__0>d.MoveNext()
   --- End of inner exception stack trace ---
   --- End of inner exception stack trace ---
   at ReportPortal.Shared.Reporter.TestReporter.<>c__DisplayClass24_0.<<Start>b__0>d.MoveNext()
   --- End of inner exception stack trace ---
   --- End of inner exception stack trace ---
TestReporter Error: 0 : 09:55:49.2092984 : 1-testhost : System.Exception: Cannot finish test item due starting item failed.
 ---> System.AggregateException: One or more errors occurred. (Cannot start test item due parent failed to start.)
 ---> System.Exception: Cannot start test item due parent failed to start.
 ---> System.AggregateException: One or more errors occurred. (Cannot start test item due parent failed to start.)
 ---> System.Exception: Cannot start test item due parent failed to start.
 ---> System.AggregateException: One or more errors occurred. (Cannot start test item due parent failed to start.)
 ---> System.Exception: Cannot start test item due parent failed to start.
 ---> System.AggregateException: One or more errors occurred. (Cannot start test item due parent failed to start.)
 ---> System.Exception: Cannot start test item due parent failed to start.
 ---> System.AggregateException: One or more errors occurred. (Response status code does not indicate success: Forbidden (403) POST http://localhost:8080/api/v1/automation_demo/launch)
 ---> ReportPortal.Client.ReportPortalException: Response status code does not indicate success: Forbidden (403) POST http://localhost:8080/api/v1/automation_demo/launch
 ---> System.Net.Http.HttpRequestException: Response message: {"errorCode":4003,"message":"You do not have enough permissions. Please check the list of your available projects."}
   --- End of inner exception stack trace ---
   at ReportPortal.Client.Resources.ServiceBaseResource.CheckSuccessStatusCode(HttpResponseMessage response, Stream stream)
   at ReportPortal.Client.Resources.ServiceBaseResource.SendHttpRequestAsync[TResponse](HttpMethod httpMethod, String uri, HttpContent httpContent)
   at ReportPortal.Shared.Internal.Delegating.BaseRequestExecuter.ExecuteAsync[T](Func`1 func, Action`1 beforeNextAttemptCallback, IStatisticsCounter statisticsCounter)
   at ReportPortal.Shared.Internal.Delegating.ExponentialRetryRequestExecuter.ExecuteAsync[T](Func`1 func, Action`1 beforeNextAttempt, IStatisticsCounter statisticsCounter)
   at ReportPortal.Shared.Reporter.LaunchReporter.<>c__DisplayClass25_0.<<Start>b__1>d.MoveNext()
   --- End of inner exception stack trace ---
   --- End of inner exception stack trace ---
   at ReportPortal.Shared.Reporter.TestReporter.<>c__DisplayClass24_0.<<Start>b__0>d.MoveNext()
   --- End of inner exception stack trace ---
   --- End of inner exception stack trace ---
   at ReportPortal.Shared.Reporter.TestReporter.<>c__DisplayClass24_0.<<Start>b__0>d.MoveNext()
   --- End of inner exception stack trace ---
   --- End of inner exception stack trace ---
   at ReportPortal.Shared.Reporter.TestReporter.<>c__DisplayClass24_0.<<Start>b__0>d.MoveNext()
   --- End of inner exception stack trace ---
   --- End of inner exception stack trace ---
   at ReportPortal.Shared.Reporter.TestReporter.<>c__DisplayClass24_0.<<Start>b__0>d.MoveNext()
   --- End of inner exception stack trace ---
   --- End of inner exception stack trace ---
TestReporter Error: 0 : 09:55:49.2101110 : 1-testhost : System.Exception: Cannot finish test item due starting item failed.
 ---> System.AggregateException: One or more errors occurred. (Cannot start test item due parent failed to start.)
 ---> System.Exception: Cannot start test item due parent failed to start.
 ---> System.AggregateException: One or more errors occurred. (Cannot start test item due parent failed to start.)
 ---> System.Exception: Cannot start test item due parent failed to start.
 ---> System.AggregateException: One or more errors occurred. (Cannot start test item due parent failed to start.)
 ---> System.Exception: Cannot start test item due parent failed to start.
 ---> System.AggregateException: One or more errors occurred. (Response status code does not indicate success: Forbidden (403) POST http://localhost:8080/api/v1/automation_demo/launch)
 ---> ReportPortal.Client.ReportPortalException: Response status code does not indicate success: Forbidden (403) POST http://localhost:8080/api/v1/automation_demo/launch
 ---> System.Net.Http.HttpRequestException: Response message: {"errorCode":4003,"message":"You do not have enough permissions. Please check the list of your available projects."}
   --- End of inner exception stack trace ---
   at ReportPortal.Client.Resources.ServiceBaseResource.CheckSuccessStatusCode(HttpResponseMessage response, Stream stream)
   at ReportPortal.Client.Resources.ServiceBaseResource.SendHttpRequestAsync[TResponse](HttpMethod httpMethod, String uri, HttpContent httpContent)
   at ReportPortal.Shared.Internal.Delegating.BaseRequestExecuter.ExecuteAsync[T](Func`1 func, Action`1 beforeNextAttemptCallback, IStatisticsCounter statisticsCounter)
   at ReportPortal.Shared.Internal.Delegating.ExponentialRetryRequestExecuter.ExecuteAsync[T](Func`1 func, Action`1 beforeNextAttempt, IStatisticsCounter statisticsCounter)
   at ReportPortal.Shared.Reporter.LaunchReporter.<>c__DisplayClass25_0.<<Start>b__1>d.MoveNext()
   --- End of inner exception stack trace ---
   --- End of inner exception stack trace ---
   at ReportPortal.Shared.Reporter.TestReporter.<>c__DisplayClass24_0.<<Start>b__0>d.MoveNext()
   --- End of inner exception stack trace ---
   --- End of inner exception stack trace ---
   at ReportPortal.Shared.Reporter.TestReporter.<>c__DisplayClass24_0.<<Start>b__0>d.MoveNext()
   --- End of inner exception stack trace ---
   --- End of inner exception stack trace ---
   at ReportPortal.Shared.Reporter.TestReporter.<>c__DisplayClass24_0.<<Start>b__0>d.MoveNext()
   --- End of inner exception stack trace ---
   --- End of inner exception stack trace ---
TestReporter Error: 0 : 09:55:49.2107916 : 1-testhost : System.Exception: Cannot finish test item due starting item failed.
 ---> System.AggregateException: One or more errors occurred. (Cannot start test item due parent failed to start.)
 ---> System.Exception: Cannot start test item due parent failed to start.
 ---> System.AggregateException: One or more errors occurred. (Cannot start test item due parent failed to start.)
 ---> System.Exception: Cannot start test item due parent failed to start.
 ---> System.AggregateException: One or more errors occurred. (Response status code does not indicate success: Forbidden (403) POST http://localhost:8080/api/v1/automation_demo/launch)
 ---> ReportPortal.Client.ReportPortalException: Response status code does not indicate success: Forbidden (403) POST http://localhost:8080/api/v1/automation_demo/launch
 ---> System.Net.Http.HttpRequestException: Response message: {"errorCode":4003,"message":"You do not have enough permissions. Please check the list of your available projects."}
   --- End of inner exception stack trace ---
   at ReportPortal.Client.Resources.ServiceBaseResource.CheckSuccessStatusCode(HttpResponseMessage response, Stream stream)
   at ReportPortal.Client.Resources.ServiceBaseResource.SendHttpRequestAsync[TResponse](HttpMethod httpMethod, String uri, HttpContent httpContent)
   at ReportPortal.Shared.Internal.Delegating.BaseRequestExecuter.ExecuteAsync[T](Func`1 func, Action`1 beforeNextAttemptCallback, IStatisticsCounter statisticsCounter)
   at ReportPortal.Shared.Internal.Delegating.ExponentialRetryRequestExecuter.ExecuteAsync[T](Func`1 func, Action`1 beforeNextAttempt, IStatisticsCounter statisticsCounter)
   at ReportPortal.Shared.Reporter.LaunchReporter.<>c__DisplayClass25_0.<<Start>b__1>d.MoveNext()
   --- End of inner exception stack trace ---
   --- End of inner exception stack trace ---
   at ReportPortal.Shared.Reporter.TestReporter.<>c__DisplayClass24_0.<<Start>b__0>d.MoveNext()
   --- End of inner exception stack trace ---
   --- End of inner exception stack trace ---
   at ReportPortal.Shared.Reporter.TestReporter.<>c__DisplayClass24_0.<<Start>b__0>d.MoveNext()
   --- End of inner exception stack trace ---
   --- End of inner exception stack trace ---
TestReporter Error: 0 : 09:55:49.2115711 : 1-testhost : System.Exception: Cannot finish test item due starting item failed.
 ---> System.AggregateException: One or more errors occurred. (Cannot start test item due parent failed to start.)
 ---> System.Exception: Cannot start test item due parent failed to start.
 ---> System.AggregateException: One or more errors occurred. (Response status code does not indicate success: Forbidden (403) POST http://localhost:8080/api/v1/automation_demo/launch)
 ---> ReportPortal.Client.ReportPortalException: Response status code does not indicate success: Forbidden (403) POST http://localhost:8080/api/v1/automation_demo/launch
 ---> System.Net.Http.HttpRequestException: Response message: {"errorCode":4003,"message":"You do not have enough permissions. Please check the list of your available projects."}
   --- End of inner exception stack trace ---
   at ReportPortal.Client.Resources.ServiceBaseResource.CheckSuccessStatusCode(HttpResponseMessage response, Stream stream)
   at ReportPortal.Client.Resources.ServiceBaseResource.SendHttpRequestAsync[TResponse](HttpMethod httpMethod, String uri, HttpContent httpContent)
   at ReportPortal.Shared.Internal.Delegating.BaseRequestExecuter.ExecuteAsync[T](Func`1 func, Action`1 beforeNextAttemptCallback, IStatisticsCounter statisticsCounter)
   at ReportPortal.Shared.Internal.Delegating.ExponentialRetryRequestExecuter.ExecuteAsync[T](Func`1 func, Action`1 beforeNextAttempt, IStatisticsCounter statisticsCounter)
   at ReportPortal.Shared.Reporter.LaunchReporter.<>c__DisplayClass25_0.<<Start>b__1>d.MoveNext()
   --- End of inner exception stack trace ---
   --- End of inner exception stack trace ---
   at ReportPortal.Shared.Reporter.TestReporter.<>c__DisplayClass24_0.<<Start>b__0>d.MoveNext()
   --- End of inner exception stack trace ---
   --- End of inner exception stack trace ---
LaunchReporter Error: 0 : 09:55:49.2154949 : 1-testhost : System.Exception: Cannot finish launch due starting launch failed.
 ---> System.AggregateException: One or more errors occurred. (Response status code does not indicate success: Forbidden (403) POST http://localhost:8080/api/v1/automation_demo/launch)
 ---> ReportPortal.Client.ReportPortalException: Response status code does not indicate success: Forbidden (403) POST http://localhost:8080/api/v1/automation_demo/launch
 ---> System.Net.Http.HttpRequestException: Response message: {"errorCode":4003,"message":"You do not have enough permissions. Please check the list of your available projects."}
   --- End of inner exception stack trace ---
   at ReportPortal.Client.Resources.ServiceBaseResource.CheckSuccessStatusCode(HttpResponseMessage response, Stream stream)
   at ReportPortal.Client.Resources.ServiceBaseResource.SendHttpRequestAsync[TResponse](HttpMethod httpMethod, String uri, HttpContent httpContent)
   at ReportPortal.Shared.Internal.Delegating.BaseRequestExecuter.ExecuteAsync[T](Func`1 func, Action`1 beforeNextAttemptCallback, IStatisticsCounter statisticsCounter)
   at ReportPortal.Shared.Internal.Delegating.ExponentialRetryRequestExecuter.ExecuteAsync[T](Func`1 func, Action`1 beforeNextAttempt, IStatisticsCounter statisticsCounter)
   at ReportPortal.Shared.Reporter.LaunchReporter.<>c__DisplayClass25_0.<<Start>b__1>d.MoveNext()
--- End of stack trace from previous location ---
   at ReportPortal.Shared.Reporter.LaunchReporter.Sync()
   at ReportPortal.NUnitExtension.ReportPortalListener.FinishRun(String report) in C:\projects\agent-net-nunit\src\ReportPortal.NUnitExtension\ReportPortalListener.Launch.cs:line 111
   --- End of inner exception stack trace ---
   --- End of inner exception stack trace ---
